<?xml version="1.0" encoding="UTF-8"?>
<testng-results ignored="0" total="1" passed="1" failed="0" skipped="0">
  <reporter-output>
  </reporter-output>
  <suite started-at="2022-10-30T19:49:29 IST" name="Functional Test" finished-at="2022-10-30T19:49:29 IST" duration-ms="123">
    <groups>
    </groups>
    <test started-at="2022-10-30T19:49:29 IST" name="Chrome Test" finished-at="2022-10-30T19:49:29 IST" duration-ms="123">
      <class name="demo.Sunday">
        <test-method signature="display()[pri:0, instance:demo.Sunday@52b1beb6]" started-at="2022-10-30T19:49:29 IST" name="display" finished-at="2022-10-30T19:49:29 IST" duration-ms="14" status="PASS">
          <reporter-output>
          </reporter-output>
        </test-method> <!-- display -->
      </class> <!-- demo.Sunday -->
    </test> <!-- Chrome Test -->
  </suite> <!-- Functional Test -->
</testng-results>
