<?xml version="1.0" encoding="UTF-8"?>
<testng-results ignored="0" total="1" passed="1" failed="0" skipped="0">
  <reporter-output>
  </reporter-output>
  <suite started-at="2022-10-30T20:27:10 IST" name="Functional Test" finished-at="2022-10-30T20:27:11 IST" duration-ms="144">
    <groups>
    </groups>
    <test started-at="2022-10-30T20:27:10 IST" name="Chrome Test" finished-at="2022-10-30T20:27:11 IST" duration-ms="144">
      <class name="demo.Sunday">
        <test-method signature="display()[pri:0, instance:demo.Sunday@6d4e5011]" started-at="2022-10-30T20:27:11 IST" name="display" finished-at="2022-10-30T20:27:11 IST" duration-ms="12" status="PASS">
          <reporter-output>
          </reporter-output>
        </test-method> <!-- display -->
      </class> <!-- demo.Sunday -->
    </test> <!-- Chrome Test -->
  </suite> <!-- Functional Test -->
</testng-results>
